[2023-11-10 20:15:41,405: INFO: main: Welcome to our custom log]
[2023-11-11 10:52:04,014: INFO: common: yaml file: config/config.yaml loaded successfully]
[2023-11-11 10:52:04,017: INFO: common: yaml file: params.yaml loaded successfully]
[2023-11-11 10:52:04,018: INFO: common: created directory at: artifacts]
[2023-11-11 10:52:04,019: INFO: common: created directory at: artifacts/data_ingestion]
[2023-11-11 10:52:52,256: INFO: common: yaml file: config/config.yaml loaded successfully]
[2023-11-11 10:52:52,259: INFO: common: yaml file: params.yaml loaded successfully]
[2023-11-11 10:52:52,260: INFO: common: created directory at: artifacts]
[2023-11-11 10:52:52,262: INFO: common: created directory at: artifacts/data_ingestion]
[2023-11-11 10:52:52,263: INFO: 986331348: Downloading data from https://drive.google.com/file/d/14YjDZ07BRa5kVg07D1PFDnvd0hiyhJoY/view?usp=sharing into file artifacts/data_ingestion/data.zip]
[2023-11-11 10:54:11,829: INFO: 986331348: Downloaded data from https://drive.google.com/file/d/14YjDZ07BRa5kVg07D1PFDnvd0hiyhJoY/view?usp=sharing into file artifacts/data_ingestion/data.zip]
[2023-11-11 11:15:48,867: INFO: main: >>>>>> stage Data Ingestion stage started <<<<<<]
[2023-11-11 11:15:48,869: INFO: common: yaml file: config/config.yaml loaded successfully]
[2023-11-11 11:15:48,870: INFO: common: yaml file: params.yaml loaded successfully]
[2023-11-11 11:15:48,870: INFO: common: created directory at: artifacts]
[2023-11-11 11:15:48,870: INFO: common: created directory at: artifacts/data_ingestion]
[2023-11-11 11:15:48,870: INFO: data_ingestion: Downloading data from https://drive.google.com/file/d/14YjDZ07BRa5kVg07D1PFDnvd0hiyhJoY/view?usp=sharing into file artifacts/data_ingestion/data.zip]
[2023-11-11 11:16:32,350: INFO: data_ingestion: Downloaded data from https://drive.google.com/file/d/14YjDZ07BRa5kVg07D1PFDnvd0hiyhJoY/view?usp=sharing into file artifacts/data_ingestion/data.zip]
[2023-11-11 11:16:46,266: INFO: main: >>>>>> stage Data Ingestion stage completed <<<<<<

x==========x]
[2023-11-11 11:58:09,544: INFO: common: yaml file: config/config.yaml loaded successfully]
[2023-11-11 11:58:09,547: INFO: common: yaml file: params.yaml loaded successfully]
[2023-11-11 11:58:09,548: INFO: common: created directory at: artifacts]
[2023-11-11 11:58:09,549: INFO: common: created directory at: artifacts/prepare_base_model]
[2023-11-11 11:58:12,522: WARNING: saving_utils: Compiled the loaded model, but the compiled metrics have yet to be built. `model.compile_metrics` will be empty until you train or evaluate the model.]
[2023-11-11 12:00:27,351: INFO: main: *******************]
[2023-11-11 12:00:27,352: INFO: main: >>>>>> stage Prepare base model started <<<<<<]
[2023-11-11 12:00:27,352: ERROR: main: name 'PrepareBaseModelTrainingPipeline' is not defined]
Traceback (most recent call last):
  File "main.py", line 21, in <module>
    prepare_base_model = PrepareBaseModelTrainingPipeline()
NameError: name 'PrepareBaseModelTrainingPipeline' is not defined
[2023-11-11 12:05:51,535: INFO: main: *******************]
[2023-11-11 12:05:51,536: INFO: main: >>>>>> stage Prepare base model started <<<<<<]
[2023-11-11 12:05:51,537: INFO: common: yaml file: config/config.yaml loaded successfully]
[2023-11-11 12:05:51,539: INFO: common: yaml file: params.yaml loaded successfully]
[2023-11-11 12:05:51,539: INFO: common: created directory at: artifacts]
[2023-11-11 12:05:51,539: INFO: common: created directory at: artifacts/prepare_base_model]
[2023-11-11 12:05:51,882: WARNING: saving_utils: Compiled the loaded model, but the compiled metrics have yet to be built. `model.compile_metrics` will be empty until you train or evaluate the model.]
[2023-11-11 12:05:52,233: INFO: main: >>>>>> stage Prepare base model completed <<<<<<

x==========x]
[2023-11-12 08:50:00,943: INFO: common: yaml file: config/config.yaml loaded successfully]
[2023-11-12 08:50:00,949: INFO: common: yaml file: params.yaml loaded successfully]
[2023-11-12 08:50:00,950: INFO: common: created directory at: artifacts]
[2023-11-12 08:50:00,952: INFO: common: created directory at: artifacts/training]
[2023-11-12 08:52:54,562: INFO: common: yaml file: config/config.yaml loaded successfully]
[2023-11-12 08:52:54,567: INFO: common: yaml file: params.yaml loaded successfully]
[2023-11-12 08:52:54,569: INFO: common: created directory at: artifacts]
[2023-11-12 08:52:54,570: INFO: common: created directory at: artifacts/training]
[2023-11-12 09:35:28,215: INFO: common: yaml file: config/config.yaml loaded successfully]
[2023-11-12 09:35:28,220: INFO: common: yaml file: params.yaml loaded successfully]
[2023-11-12 09:35:28,221: INFO: common: created directory at: artifacts]
[2023-11-12 09:35:28,223: INFO: common: created directory at: artifacts/training]
[2023-11-12 09:36:29,642: INFO: common: yaml file: config/config.yaml loaded successfully]
[2023-11-12 09:36:29,646: INFO: common: yaml file: params.yaml loaded successfully]
[2023-11-12 09:36:29,648: INFO: common: created directory at: artifacts]
[2023-11-12 09:36:29,649: INFO: common: created directory at: artifacts/training]
[2023-11-12 09:37:02,981: INFO: common: yaml file: config/config.yaml loaded successfully]
[2023-11-12 09:37:02,985: INFO: common: yaml file: params.yaml loaded successfully]
[2023-11-12 09:37:02,987: INFO: common: created directory at: artifacts]
[2023-11-12 09:37:02,988: INFO: common: created directory at: artifacts/training]
[2023-11-12 09:37:36,797: INFO: common: yaml file: config/config.yaml loaded successfully]
[2023-11-12 09:37:36,801: INFO: common: yaml file: params.yaml loaded successfully]
[2023-11-12 09:37:36,802: INFO: common: created directory at: artifacts]
[2023-11-12 09:37:36,804: INFO: common: created directory at: artifacts/training]
